<?xml version="1.0" encoding="UTF-8"?>
<!-- Generated by org.testng.reporters.JUnitReportReporter -->
<testsuite skipped="0" hostname="DESKTOP-U3TR6TQ" name="testBase.TestBase" tests="2" failures="0" timestamp="23 Mar 2023 04:57:10 GMT" time="5.489" errors="0">
  <testcase name="openBrowser" time="4.722" classname="testBase.TestBase"/>
  <testcase name="closeBrowser" time="0.767" classname="testBase.TestBase"/>
</testsuite> <!-- testBase.TestBase -->
